<testsuites errors="1" failures="1" name="Selected tests" time="362.866" tests="5"><testsuite tests="1" failures="0" errors="0" time="73.755000" timestamp="2017-05-22T15:46:02GMT+08:00" name="ProjectOfUITestUITests.xctest"><testsuite tests="1" failures="0" errors="0" time="73.755000" timestamp="2017-05-22T15:46:02GMT+08:00" name="ProjectOfUITestUITests"><testcase classname="ProjectOfUITestUITests" name="test1" time="73.754000"><system-out>
XCTestOutputBarrier    t =     0.00s     Start Test at 2017-05-22 15:46:02.216
    t =     0.00s     Set Up
    t =     0.01s         Launch com.Lvmama.ProjectOfUITest
    t =     5.09s             Waiting for accessibility to load
    t =     6.10s             Wait for app to idle
    t =     8.43s     Tap "testTextFiled" TextField
    t =     8.43s         Wait for app to idle
    t =     8.61s         Find the "testTextFiled" TextField
    t =     8.61s             Snapshot accessibility hierarchy for com.Lvmama.ProjectOfUITest
    t =     8.66s             Find: Descendants matching type TextField
    t =     8.66s             Find: Elements matching predicate '"testTextFiled" IN identifiers'
    t =     8.78s             Wait for app to idle
    t =     9.07s         Synthesize event
    t =     9.20s         Wait for app to idle
    t =    10.19s     Type 'test1' into "testTextFiled" TextField
    t =    10.19s         Wait for app to idle
    t =    10.38s         Find the "testTextFiled" TextField
    t =    10.38s             Snapshot accessibility hierarchy for com.Lvmama.ProjectOfUITest
    t =    10.48s             Find: Descendants matching type TextField
    t =    10.48s             Find: Elements matching predicate '"testTextFiled" IN identifiers'
    t =    10.59s             Wait for app to idle
    t =    10.78s         Synthesize event
    t =    10.95s         Wait for app to idle
    t =    11.44s     Long press "testTextFiled" TextField
    t =    11.44s         Wait for app to idle
    t =    11.80s         Find the "testTextFiled" TextField
    t =    11.81s             Snapshot accessibility hierarchy for com.Lvmama.ProjectOfUITest
    t =    12.29s             Find: Descendants matching type TextField
    t =    12.30s             Find: Elements matching predicate '"testTextFiled" IN identifiers'
    t =    12.41s             Wait for app to idle
    t =    12.99s         Synthesize event
    t =    73.23s         Wait for app to idle
    t =    73.55s     Tear Down
        </system-out></testcase></testsuite></testsuite><testsuite tests="1" failures="1" errors="1" time="64.935000" timestamp="2017-05-22T15:46:36GMT+08:00" name="ProjectOfUITestUITests.xctest"><testsuite tests="1" failures="1" errors="1" time="64.935000" timestamp="2017-05-22T15:46:36GMT+08:00" name="ProjectOfUITestUITests"><testcase classname="ProjectOfUITestUITests" name="test2" time="64.934000"><failure type="Failure" message="-[ProjectOfUITestUITests test2] : App state is still not running, state = Not Running">
/Users/sunyanguo/Documents/lvioscode/ios_app/ProjectOfUITest/ProjectOfUITestUITests/ProjectOfUITestUITests.m:25
        </failure><error type="Error"></error><system-out>
XCTestOutputBarrier    t =     0.00s     Start Test at 2017-05-22 15:46:36.686
    t =     0.00s     Set Up
    t =     0.01s         Launch com.Lvmama.ProjectOfUITest
    t =    64.93s             Assertion Failure: ProjectOfUITestUITests.m:25: App state is still not running, state = Not Running
/Users/sunyanguo/Documents/lvioscode/ios_app/ProjectOfUITest/ProjectOfUITestUITests/ProjectOfUITestUITests.m:25: error: -[ProjectOfUITestUITests test2] : App state is still not running, state = Not Running
XCTestOutputBarrier    t =    64.93s     Tear Down
        </system-out></testcase></testsuite></testsuite><testsuite tests="1" failures="0" errors="0" time="71.538000" timestamp="2017-05-22T15:46:09GMT+08:00" name="ProjectOfUITestUITests.xctest"><testsuite tests="1" failures="0" errors="0" time="71.536000" timestamp="2017-05-22T15:46:09GMT+08:00" name="ProjectOfUITestUITests"><testcase classname="ProjectOfUITestUITests" name="test3" time="71.535000"><system-out>
XCTestOutputBarrier    t =     0.00s     Start Test at 2017-05-22 15:46:09.912
    t =     0.00s     Set Up
    t =     0.01s         Launch com.Lvmama.ProjectOfUITest
    t =     5.36s             Wait for app to idle
    t =     6.86s     Tap "testTextFiled" TextField
    t =     6.86s         Wait for app to idle
    t =     7.00s         Find the "testTextFiled" TextField
    t =     7.00s             Snapshot accessibility hierarchy for com.Lvmama.ProjectOfUITest
    t =     7.06s             Find: Descendants matching type TextField
    t =     7.06s             Find: Elements matching predicate '"testTextFiled" IN identifiers'
    t =     7.17s             Wait for app to idle
    t =     7.32s         Synthesize event
    t =     7.46s         Wait for app to idle
    t =     8.99s     Type 'test3' into "testTextFiled" TextField
    t =     8.99s         Wait for app to idle
    t =     9.20s         Find the "testTextFiled" TextField
    t =     9.20s             Snapshot accessibility hierarchy for com.Lvmama.ProjectOfUITest
    t =     9.29s             Find: Descendants matching type TextField
    t =     9.30s             Find: Elements matching predicate '"testTextFiled" IN identifiers'
    t =     9.41s             Wait for app to idle
    t =     9.83s         Synthesize event
    t =    10.00s         Wait for app to idle
    t =    10.29s     Long press "testTextFiled" TextField
    t =    10.29s         Wait for app to idle
    t =    10.47s         Find the "testTextFiled" TextField
    t =    10.47s             Snapshot accessibility hierarchy for com.Lvmama.ProjectOfUITest
    t =    10.56s             Find: Descendants matching type TextField
    t =    10.56s             Find: Elements matching predicate '"testTextFiled" IN identifiers'
    t =    10.67s             Wait for app to idle
    t =    10.92s         Synthesize event
    t =    71.01s         Wait for app to idle
    t =    71.33s     Tear Down
        </system-out></testcase></testsuite></testsuite><testsuite tests="1" failures="0" errors="0" time="82.689000" timestamp="2017-05-22T15:45:48GMT+08:00" name="ProjectOfUITestUITests.xctest"><testsuite tests="1" failures="0" errors="0" time="82.688000" timestamp="2017-05-22T15:45:48GMT+08:00" name="ProjectOfUITestUITests"><testcase classname="ProjectOfUITestUITests" name="test4" time="82.688000"><system-out>
XCTestOutputBarrier    t =     0.00s     Start Test at 2017-05-22 15:45:48.344
    t =     0.00s     Set Up
    t =     0.01s         Launch com.Lvmama.ProjectOfUITest
    t =    13.57s             Wait for app to idle
    t =    14.81s     Tap "testTextFiled" TextField
    t =    14.82s         Wait for app to idle
    t =    14.96s         Find the "testTextFiled" TextField
    t =    14.97s             Snapshot accessibility hierarchy for com.Lvmama.ProjectOfUITest
    t =    15.03s             Find: Descendants matching type TextField
    t =    15.03s             Find: Elements matching predicate '"testTextFiled" IN identifiers'
    t =    15.14s             Wait for app to idle
    t =    15.28s         Synthesize event
    t =    15.42s         Wait for app to idle
    t =    17.49s     Type 'test4' into "testTextFiled" TextField
    t =    17.49s         Wait for app to idle
    t =    18.59s         Find the "testTextFiled" TextField
    t =    18.59s             Snapshot accessibility hierarchy for com.Lvmama.ProjectOfUITest
    t =    18.68s             Find: Descendants matching type TextField
    t =    18.68s             Find: Elements matching predicate '"testTextFiled" IN identifiers'
    t =    18.79s             Wait for app to idle
    t =    20.58s         Synthesize event
    t =    20.81s         Wait for app to idle
    t =    21.03s     Long press "testTextFiled" TextField
    t =    21.03s         Wait for app to idle
    t =    21.24s         Find the "testTextFiled" TextField
    t =    21.24s             Snapshot accessibility hierarchy for com.Lvmama.ProjectOfUITest
    t =    21.32s             Find: Descendants matching type TextField
    t =    21.32s             Find: Elements matching predicate '"testTextFiled" IN identifiers'
    t =    21.44s             Wait for app to idle
    t =    21.86s         Synthesize event
    t =    82.17s         Wait for app to idle
    t =    82.48s     Tear Down
        </system-out></testcase></testsuite></testsuite><testsuite tests="1" failures="0" errors="0" time="69.944000" timestamp="2017-05-22T15:48:57GMT+08:00" name="ProjectOfUITestUITests.xctest"><testsuite tests="1" failures="0" errors="0" time="69.943000" timestamp="2017-05-22T15:48:57GMT+08:00" name="ProjectOfUITestUITests"><testcase classname="ProjectOfUITestUITests" name="test5" time="69.942000"><system-out>
XCTestOutputBarrier    t =     0.00s     Start Test at 2017-05-22 15:48:57.056
    t =     0.00s     Set Up
    t =     0.01s         Launch com.Lvmama.ProjectOfUITest
    t =     5.00s             Wait for app to idle
    t =     6.41s     Tap "testTextFiled" TextField
    t =     6.41s         Wait for app to idle
    t =     6.55s         Find the "testTextFiled" TextField
    t =     6.55s             Snapshot accessibility hierarchy for com.Lvmama.ProjectOfUITest
    t =     6.59s             Find: Descendants matching type TextField
    t =     6.59s             Find: Elements matching predicate '"testTextFiled" IN identifiers'
    t =     6.71s             Wait for app to idle
    t =     6.84s         Synthesize event
    t =     6.97s         Wait for app to idle
    t =     7.68s     Type 'test5' into "testTextFiled" TextField
    t =     7.68s         Wait for app to idle
    t =     7.95s         Find the "testTextFiled" TextField
    t =     7.95s             Snapshot accessibility hierarchy for com.Lvmama.ProjectOfUITest
    t =     8.03s             Find: Descendants matching type TextField
    t =     8.03s             Find: Elements matching predicate '"testTextFiled" IN identifiers'
    t =     8.15s             Wait for app to idle
    t =     8.35s         Synthesize event
    t =     8.49s         Wait for app to idle
    t =     8.67s     Long press "testTextFiled" TextField
    t =     8.67s         Wait for app to idle
    t =     8.83s         Find the "testTextFiled" TextField
    t =     8.83s             Snapshot accessibility hierarchy for com.Lvmama.ProjectOfUITest
    t =     8.89s             Find: Descendants matching type TextField
    t =     8.89s             Find: Elements matching predicate '"testTextFiled" IN identifiers'
    t =     9.00s             Wait for app to idle
    t =     9.34s         Synthesize event
    t =    69.42s         Wait for app to idle
    t =    69.74s     Tear Down
        </system-out></testcase></testsuite></testsuite></testsuites>